<?xml version="1.0" encoding="UTF-8"?>
<testsuite name="com.bridgelabz.InvoiceServiceTest" tests="1" skipped="0" failures="0" errors="0" timestamp="2021-06-19T16:45:20" hostname="DESKTOP-I19OHT9" time="0.004">
  <properties/>
  <testcase name="givenDistanceOrTime_ShouldReturnMinFare" classname="com.bridgelabz.InvoiceServiceTest" time="0.004"/>
  <system-out><![CDATA[]]></system-out>
  <system-err><![CDATA[]]></system-err>
</testsuite>
