<?xml version="1.0" encoding="UTF-8"?>
<testsuite name="com.bridgelabz.InvoiceServiceTest" tests="2" skipped="0" failures="0" errors="0" timestamp="2021-06-19T17:03:54" hostname="DESKTOP-I19OHT9" time="0.007">
  <properties/>
  <testcase name="givenDistanceOrTime_ShouldReturnMinFare" classname="com.bridgelabz.InvoiceServiceTest" time="0.006"/>
  <testcase name="givenDistanceAndTime_ShouldReturnTotalFare" classname="com.bridgelabz.InvoiceServiceTest" time="0.001"/>
  <system-out><![CDATA[]]></system-out>
  <system-err><![CDATA[]]></system-err>
</testsuite>
